<?xml version="1.0" encoding="UTF-8"?>
<testng-results ignored="0" total="3" passed="3" failed="0" skipped="0">
  <reporter-output>
  </reporter-output>
  <suite started-at="2023-08-08T02:31:19 IST" name="Suite" finished-at="2023-08-08T02:31:27 IST" duration-ms="8497">
    <groups>
    </groups>
    <test started-at="2023-08-08T02:31:19 IST" name="Test" finished-at="2023-08-08T02:31:27 IST" duration-ms="8497">
      <class name="com.qa.testscripts.flipkart">
        <test-method is-config="true" signature="setUp(java.lang.String,java.lang.String)[pri:0, instance:com.qa.testscripts.flipkart@543588e6]" started-at="2023-08-08T02:31:11 IST" name="setUp" finished-at="2023-08-08T02:31:19 IST" duration-ms="8175" status="PASS">
          <params>
            <param index="0">
              <value>
                <![CDATA[https://www.flipkart.com/]]>
              </value>
            </param>
            <param index="1">
              <value>
                <![CDATA[Chrome]]>
              </value>
            </param>
          </params>
          <reporter-output>
          </reporter-output>
        </test-method> <!-- setUp -->
        <test-method signature="checkPopUpCloseButton()[pri:0, instance:com.qa.testscripts.flipkart@543588e6]" started-at="2023-08-08T02:31:19 IST" name="checkPopUpCloseButton" finished-at="2023-08-08T02:31:20 IST" duration-ms="370" status="PASS">
          <reporter-output>
          </reporter-output>
        </test-method> <!-- checkPopUpCloseButton -->
        <test-method signature="checkPosition()[pri:1, instance:com.qa.testscripts.flipkart@543588e6]" started-at="2023-08-08T02:31:20 IST" name="checkPosition" finished-at="2023-08-08T02:31:20 IST" depends-on-methods="com.qa.testscripts.flipkart.checkPopUpCloseButton" duration-ms="265" status="PASS">
          <reporter-output>
          </reporter-output>
        </test-method> <!-- checkPosition -->
        <test-method signature="checkSearch()[pri:2, instance:com.qa.testscripts.flipkart@543588e6]" started-at="2023-08-08T02:31:20 IST" name="checkSearch" finished-at="2023-08-08T02:31:27 IST" depends-on-methods="com.qa.testscripts.flipkart.checkPopUpCloseButton" duration-ms="7437" status="PASS">
          <reporter-output>
          </reporter-output>
        </test-method> <!-- checkSearch -->
        <test-method is-config="true" signature="tearDown()[pri:0, instance:com.qa.testscripts.flipkart@543588e6]" started-at="2023-08-08T02:31:28 IST" name="tearDown" finished-at="2023-08-08T02:31:28 IST" duration-ms="384" status="PASS">
          <reporter-output>
          </reporter-output>
        </test-method> <!-- tearDown -->
      </class> <!-- com.qa.testscripts.flipkart -->
    </test> <!-- Test -->
  </suite> <!-- Suite -->
</testng-results>
